{"total": {"lines":{"total":34,"covered":33,"skipped":0,"pct":97.06},"statements":{"total":34,"covered":33,"skipped":0,"pct":97.06},"functions":{"total":6,"covered":6,"skipped":0,"pct":100},"branches":{"total":16,"covered":15,"skipped":0,"pct":93.75}}
,"/Users/bschellenberg/dev/repos/pabo/indated/lib/index.js": {"lines":{"total":34,"covered":33,"skipped":0,"pct":97.06},"functions":{"total":6,"covered":6,"skipped":0,"pct":100},"statements":{"total":34,"covered":33,"skipped":0,"pct":97.06},"branches":{"total":16,"covered":15,"skipped":0,"pct":93.75}}
}
