{"/Users/bschellenberg/dev/repos/pabo/indated/lib/index.js": {"path":"/Users/bschellenberg/dev/repos/pabo/indated/lib/index.js","statementMap":{"0":{"start":{"line":1,"column":22},"end":{"line":1,"column":37}},"1":{"start":{"line":2,"column":17},"end":{"line":2,"column":41}},"2":{"start":{"line":4,"column":20},"end":{"line":4,"column":35}},"3":{"start":{"line":6,"column":0},"end":{"line":8,"column":2}},"4":{"start":{"line":7,"column":2},"end":{"line":7,"column":53}},"5":{"start":{"line":10,"column":0},"end":{"line":17,"column":1}},"6":{"start":{"line":11,"column":2},"end":{"line":16,"column":3}},"7":{"start":{"line":12,"column":4},"end":{"line":12,"column":28}},"8":{"start":{"line":14,"column":4},"end":{"line":14,"column":57}},"9":{"start":{"line":15,"column":4},"end":{"line":15,"column":20}},"10":{"start":{"line":19,"column":0},"end":{"line":59,"column":1}},"11":{"start":{"line":20,"column":2},"end":{"line":58,"column":5}},"12":{"start":{"line":24,"column":8},"end":{"line":24,"column":32}},"13":{"start":{"line":26,"column":4},"end":{"line":26,"column":68}},"14":{"start":{"line":27,"column":4},"end":{"line":27,"column":64}},"15":{"start":{"line":29,"column":16},"end":{"line":29,"column":18}},"16":{"start":{"line":30,"column":15},"end":{"line":30,"column":17}},"17":{"start":{"line":32,"column":4},"end":{"line":47,"column":5}},"18":{"start":{"line":33,"column":6},"end":{"line":36,"column":7}},"19":{"start":{"line":34,"column":8},"end":{"line":34,"column":24}},"20":{"start":{"line":35,"column":8},"end":{"line":35,"column":42}},"21":{"start":{"line":37,"column":11},"end":{"line":47,"column":5}},"22":{"start":{"line":38,"column":6},"end":{"line":41,"column":7}},"23":{"start":{"line":39,"column":8},"end":{"line":39,"column":24}},"24":{"start":{"line":40,"column":8},"end":{"line":40,"column":42}},"25":{"start":{"line":42,"column":11},"end":{"line":47,"column":5}},"26":{"start":{"line":43,"column":6},"end":{"line":46,"column":7}},"27":{"start":{"line":44,"column":8},"end":{"line":44,"column":24}},"28":{"start":{"line":45,"column":8},"end":{"line":45,"column":42}},"29":{"start":{"line":49,"column":4},"end":{"line":49,"column":38}},"30":{"start":{"line":51,"column":4},"end":{"line":51,"column":16}},"31":{"start":{"line":53,"column":4},"end":{"line":55,"column":5}},"32":{"start":{"line":54,"column":6},"end":{"line":54,"column":25}},"33":{"start":{"line":57,"column":4},"end":{"line":57,"column":34}}},"fnMap":{"0":{"name":"(anonymous_0)","decl":{"start":{"line":6,"column":40},"end":{"line":6,"column":41}},"loc":{"start":{"line":6,"column":46},"end":{"line":8,"column":1}},"line":6},"1":{"name":"(anonymous_1)","decl":{"start":{"line":10,"column":32},"end":{"line":10,"column":33}},"loc":{"start":{"line":10,"column":42},"end":{"line":17,"column":1}},"line":10},"2":{"name":"(anonymous_2)","decl":{"start":{"line":19,"column":35},"end":{"line":19,"column":36}},"loc":{"start":{"line":19,"column":75},"end":{"line":59,"column":1}},"line":19},"3":{"name":"(anonymous_3)","decl":{"start":{"line":20,"column":38},"end":{"line":20,"column":39}},"loc":{"start":{"line":20,"column":55},"end":{"line":50,"column":3}},"line":20},"4":{"name":"(anonymous_4)","decl":{"start":{"line":50,"column":12},"end":{"line":50,"column":13}},"loc":{"start":{"line":50,"column":19},"end":{"line":52,"column":3}},"line":50},"5":{"name":"(anonymous_5)","decl":{"start":{"line":52,"column":10},"end":{"line":52,"column":11}},"loc":{"start":{"line":52,"column":20},"end":{"line":58,"column":3}},"line":52}},"branchMap":{"0":{"loc":{"start":{"line":32,"column":4},"end":{"line":47,"column":5}},"type":"if","locations":[{"start":{"line":32,"column":4},"end":{"line":47,"column":5}},{"start":{"line":32,"column":4},"end":{"line":47,"column":5}}],"line":32},"1":{"loc":{"start":{"line":33,"column":6},"end":{"line":36,"column":7}},"type":"if","locations":[{"start":{"line":33,"column":6},"end":{"line":36,"column":7}},{"start":{"line":33,"column":6},"end":{"line":36,"column":7}}],"line":33},"2":{"loc":{"start":{"line":37,"column":11},"end":{"line":47,"column":5}},"type":"if","locations":[{"start":{"line":37,"column":11},"end":{"line":47,"column":5}},{"start":{"line":37,"column":11},"end":{"line":47,"column":5}}],"line":37},"3":{"loc":{"start":{"line":38,"column":6},"end":{"line":41,"column":7}},"type":"if","locations":[{"start":{"line":38,"column":6},"end":{"line":41,"column":7}},{"start":{"line":38,"column":6},"end":{"line":41,"column":7}}],"line":38},"4":{"loc":{"start":{"line":42,"column":11},"end":{"line":47,"column":5}},"type":"if","locations":[{"start":{"line":42,"column":11},"end":{"line":47,"column":5}},{"start":{"line":42,"column":11},"end":{"line":47,"column":5}}],"line":42},"5":{"loc":{"start":{"line":43,"column":6},"end":{"line":46,"column":7}},"type":"if","locations":[{"start":{"line":43,"column":6},"end":{"line":46,"column":7}},{"start":{"line":43,"column":6},"end":{"line":46,"column":7}}],"line":43},"6":{"loc":{"start":{"line":53,"column":4},"end":{"line":55,"column":5}},"type":"if","locations":[{"start":{"line":53,"column":4},"end":{"line":55,"column":5}},{"start":{"line":53,"column":4},"end":{"line":55,"column":5}}],"line":53},"7":{"loc":{"start":{"line":57,"column":12},"end":{"line":57,"column":32}},"type":"cond-expr","locations":[{"start":{"line":57,"column":26},"end":{"line":57,"column":28}},{"start":{"line":57,"column":31},"end":{"line":57,"column":32}}],"line":57}},"s":{"0":1,"1":1,"2":1,"3":1,"4":2,"5":1,"6":2,"7":2,"8":1,"9":1,"10":1,"11":4,"12":16,"13":16,"14":16,"15":16,"16":16,"17":16,"18":4,"19":2,"20":2,"21":12,"22":4,"23":2,"24":2,"25":8,"26":4,"27":2,"28":2,"29":16,"30":16,"31":3,"32":0,"33":3},"f":{"0":2,"1":2,"2":4,"3":16,"4":16,"5":3},"b":{"0":[4,12],"1":[2,2],"2":[4,8],"3":[2,2],"4":[4,4],"5":[2,2],"6":[0,3],"7":[2,1]},"_coverageSchema":"332fd63041d2c1bcb487cc26dd0d5f7d97098a6c","hash":"6bf8f9a10cf6488fdfaeeb91ab5e47bbdaebd9dc"}
}
