TN:
SF:/Users/bschellenberg/dev/repos/pabo/indated/lib/index.js
FN:6,(anonymous_0)
FN:10,(anonymous_1)
FN:19,(anonymous_2)
FN:20,(anonymous_3)
FN:50,(anonymous_4)
FN:52,(anonymous_5)
FNF:6
FNH:6
FNDA:2,(anonymous_0)
FNDA:2,(anonymous_1)
FNDA:4,(anonymous_2)
FNDA:16,(anonymous_3)
FNDA:16,(anonymous_4)
FNDA:3,(anonymous_5)
DA:1,1
DA:2,1
DA:4,1
DA:6,1
DA:7,2
DA:10,1
DA:11,2
DA:12,2
DA:14,1
DA:15,1
DA:19,1
DA:20,4
DA:24,16
DA:26,16
DA:27,16
DA:29,16
DA:30,16
DA:32,16
DA:33,4
DA:34,2
DA:35,2
DA:37,12
DA:38,4
DA:39,2
DA:40,2
DA:42,8
DA:43,4
DA:44,2
DA:45,2
DA:49,16
DA:51,16
DA:53,3
DA:54,0
DA:57,3
LF:34
LH:33
BRDA:32,0,0,4
BRDA:32,0,1,12
BRDA:33,1,0,2
BRDA:33,1,1,2
BRDA:37,2,0,4
BRDA:37,2,1,8
BRDA:38,3,0,2
BRDA:38,3,1,2
BRDA:42,4,0,4
BRDA:42,4,1,4
BRDA:43,5,0,2
BRDA:43,5,1,2
BRDA:53,6,0,0
BRDA:53,6,1,3
BRDA:57,7,0,2
BRDA:57,7,1,1
BRF:16
BRH:15
end_of_record
